# JRE version: OpenJDK Runtime Environment (8.0_151-b12) (build 1.8.0_151-8u151-b12-0ubuntu0.16.04.2-b12)
# Java VM: OpenJDK 64-Bit Server VM (25.151-b12 mixed mode linux-amd64 compressed oops)
Heap:
 garbage-first heap   total 605184K, used 370345K [0x00000000c0000000, 0x00000000c0101278, 0x0000000100000000)
  region size 1024K, 155 young (158720K), 4 survivors (4096K)
 Metaspace       used 123159K, capacity 136156K, committed 137744K, reserved 1165312K
  class space    used 16952K, capacity 20541K, committed 21068K, reserved 1048576K
GC Heap History (10 events):
Event: 2179.880 GC heap before
{Heap before GC invocations=111 (full 0):
 garbage-first heap   total 605184K, used 514601K [0x00000000c0000000, 0x00000000c0101278, 0x0000000100000000)
  region size 1024K, 294 young (301056K), 4 survivors (4096K)
 Metaspace       used 123069K, capacity 136092K, committed 137488K, reserved 1165312K
  class space    used 16950K, capacity 20541K, committed 21068K, reserved 1048576K
Event: 2179.897 GC heap after
Heap after GC invocations=112 (full 0):
 garbage-first heap   total 605184K, used 214875K [0x00000000c0000000, 0x00000000c0101278, 0x0000000100000000)
  region size 1024K, 2 young (2048K), 2 survivors (2048K)
 Metaspace       used 123069K, capacity 136092K, committed 137488K, reserved 1165312K
  class space    used 16950K, capacity 20541K, committed 21068K, reserved 1048576K
}
Event: 2427.800 GC heap before
{Heap before GC invocations=112 (full 0):
 garbage-first heap   total 605184K, used 519003K [0x00000000c0000000, 0x00000000c0101278, 0x0000000100000000)
  region size 1024K, 299 young (306176K), 2 survivors (2048K)
 Metaspace       used 123086K, capacity 136156K, committed 137744K, reserved 1165312K
  class space    used 16950K, capacity 20541K, committed 21068K, reserved 1048576K
Event: 2427.825 GC heap after
Heap after GC invocations=113 (full 0):
 garbage-first heap   total 605184K, used 214669K [0x00000000c0000000, 0x00000000c0101278, 0x0000000100000000)
  region size 1024K, 2 young (2048K), 2 survivors (2048K)
 Metaspace       used 123086K, capacity 136156K, committed 137744K, reserved 1165312K
  class space    used 16950K, capacity 20541K, committed 21068K, reserved 1048576K
}
Event: 2691.038 GC heap before
{Heap before GC invocations=113 (full 0):
 garbage-first heap   total 605184K, used 522893K [0x00000000c0000000, 0x00000000c0101278, 0x0000000100000000)
  region size 1024K, 303 young (310272K), 2 survivors (2048K)
 Metaspace       used 123093K, capacity 136156K, committed 137744K, reserved 1165312K
  class space    used 16950K, capacity 20541K, committed 21068K, reserved 1048576K
Event: 2691.048 GC heap after
Heap after GC invocations=114 (full 0):
 garbage-first heap   total 605184K, used 214445K [0x00000000c0000000, 0x00000000c0101278, 0x0000000100000000)
  region size 1024K, 1 young (1024K), 1 survivors (1024K)
 Metaspace       used 123093K, capacity 136156K, committed 137744K, reserved 1165312K
  class space    used 16950K, capacity 20541K, committed 21068K, reserved 1048576K
}
Event: 6252.020 GC heap before
{Heap before GC invocations=114 (full 0):
 garbage-first heap   total 605184K, used 526765K [0x00000000c0000000, 0x00000000c0101278, 0x0000000100000000)
  region size 1024K, 306 young (313344K), 1 survivors (1024K)
 Metaspace       used 123119K, capacity 136156K, committed 137744K, reserved 1165312K
  class space    used 16950K, capacity 20541K, committed 21068K, reserved 1048576K
Event: 6252.042 GC heap after
Heap after GC invocations=115 (full 0):
 garbage-first heap   total 605184K, used 215123K [0x00000000c0000000, 0x00000000c0101278, 0x0000000100000000)
  region size 1024K, 2 young (2048K), 2 survivors (2048K)
 Metaspace       used 123119K, capacity 136156K, committed 137744K, reserved 1165312K
  class space    used 16950K, capacity 20541K, committed 21068K, reserved 1048576K
}
Event: 6824.903 GC heap before
{Heap before GC invocations=115 (full 0):
 garbage-first heap   total 605184K, used 529491K [0x00000000c0000000, 0x00000000c0101278, 0x0000000100000000)
  region size 1024K, 309 young (316416K), 2 survivors (2048K)
 Metaspace       used 123121K, capacity 136156K, committed 137744K, reserved 1165312K
  class space    used 16950K, capacity 20541K, committed 21068K, reserved 1048576K
Event: 6824.913 GC heap after
Heap after GC invocations=116 (full 0):
 garbage-first heap   total 605184K, used 216745K [0x00000000c0000000, 0x00000000c0101278, 0x0000000100000000)
  region size 1024K, 4 young (4096K), 4 survivors (4096K)
 Metaspace       used 123121K, capacity 136156K, committed 137744K, reserved 1165312K
  class space    used 16950K, capacity 20541K, committed 21068K, reserved 1048576K
}

